<?xml version="1.0" encoding="UTF-8"?>
<!-- Generated by org.testng.reporters.JUnitXMLReporter -->
<testsuite ignored="0" hostname="DESKTOP-NV7C35M" failures="0" tests="18" name="Default test" time="60.578" errors="0" timestamp="2025-08-12T12:01:53 IST">
  <testcase classname="api.tests.DataDrivenTest" name="testcretaeUser" time="5.505"/>
  <testcase classname="api.tests.DataDrivenTest" name="testcretaeUser" time="3.068"/>
  <testcase classname="api.tests.DataDrivenTest" name="testcretaeUser" time="3.067"/>
  <testcase classname="api.tests.DataDrivenTest" name="testcretaeUser" time="3.064"/>
  <testcase classname="api.tests.DataDrivenTest" name="testcretaeUser" time="3.065"/>
  <testcase classname="api.tests.DataDrivenTest" name="testcretaeUser" time="3.058"/>
  <testcase classname="api.tests.DataDrivenTest" name="testGetUser" time="3.102"/>
  <testcase classname="api.tests.DataDrivenTest" name="testGetUser" time="3.045"/>
  <testcase classname="api.tests.DataDrivenTest" name="testGetUser" time="3.037"/>
  <testcase classname="api.tests.DataDrivenTest" name="testGetUser" time="3.035"/>
  <testcase classname="api.tests.DataDrivenTest" name="testGetUser" time="3.034"/>
  <testcase classname="api.tests.DataDrivenTest" name="testGetUser" time="3.048"/>
  <testcase classname="api.tests.DataDrivenTest" name="testdeleteUser" time="3.024"/>
  <testcase classname="api.tests.DataDrivenTest" name="testdeleteUser" time="3.059"/>
  <testcase classname="api.tests.DataDrivenTest" name="testdeleteUser" time="3.058"/>
  <testcase classname="api.tests.DataDrivenTest" name="testdeleteUser" time="3.075"/>
  <testcase classname="api.tests.DataDrivenTest" name="testdeleteUser" time="3.033"/>
  <testcase classname="api.tests.DataDrivenTest" name="testdeleteUser" time="3.044"/>
</testsuite> <!-- Default test -->
