<?xml version="1.0" encoding="UTF-8"?>
<!-- Generated by org.testng.reporters.JUnitXMLReporter -->
<testsuite ignored="0" hostname="DESKTOP-NV7C35M" failures="0" tests="22" name="Test" time="61.771" errors="0" timestamp="2025-08-12T12:06:42 IST">
  <testcase classname="api.tests.userTests" name="crete_user" time="2.742"/>
  <testcase classname="api.tests.userTests" name="read_user" time="0.063"/>
  <testcase classname="api.tests.userTests" name="update_user" time="0.056"/>
  <testcase classname="api.tests.userTests" name="delete_user" time="0.039"/>
  <testcase classname="api.tests.DataDrivenTest" name="testcretaeUser" time="3.032"/>
  <testcase classname="api.tests.DataDrivenTest" name="testcretaeUser" time="3.046"/>
  <testcase classname="api.tests.DataDrivenTest" name="testcretaeUser" time="3.058"/>
  <testcase classname="api.tests.DataDrivenTest" name="testcretaeUser" time="3.063"/>
  <testcase classname="api.tests.DataDrivenTest" name="testcretaeUser" time="3.049"/>
  <testcase classname="api.tests.DataDrivenTest" name="testcretaeUser" time="3.043"/>
  <testcase classname="api.tests.DataDrivenTest" name="testGetUser" time="3.029"/>
  <testcase classname="api.tests.DataDrivenTest" name="testGetUser" time="3.042"/>
  <testcase classname="api.tests.DataDrivenTest" name="testGetUser" time="3.036"/>
  <testcase classname="api.tests.DataDrivenTest" name="testGetUser" time="3.048"/>
  <testcase classname="api.tests.DataDrivenTest" name="testGetUser" time="3.048"/>
  <testcase classname="api.tests.DataDrivenTest" name="testGetUser" time="3.066"/>
  <testcase classname="api.tests.DataDrivenTest" name="testdeleteUser" time="3.027"/>
  <testcase classname="api.tests.DataDrivenTest" name="testdeleteUser" time="3.044"/>
  <testcase classname="api.tests.DataDrivenTest" name="testdeleteUser" time="3.034"/>
  <testcase classname="api.tests.DataDrivenTest" name="testdeleteUser" time="3.041"/>
  <testcase classname="api.tests.DataDrivenTest" name="testdeleteUser" time="3.065"/>
  <testcase classname="api.tests.DataDrivenTest" name="testdeleteUser" time="3.041"/>
</testsuite> <!-- Test -->
