<?xml version="1.0" encoding="UTF-8"?>
<!-- Generated by org.testng.reporters.JUnitXMLReporter -->
<testsuite ignored="0" hostname="DESKTOP-NV7C35M" failures="0" tests="22" name="Test" time="61.322" errors="0" timestamp="2025-08-12T12:15:49 IST">
  <testcase classname="api.tests.userTests" name="crete_user" time="2.623"/>
  <testcase classname="api.tests.userTests" name="read_user" time="0.066"/>
  <testcase classname="api.tests.userTests" name="update_user" time="0.056"/>
  <testcase classname="api.tests.userTests" name="delete_user" time="0.033"/>
  <testcase classname="api.tests.DataDrivenTest" name="testcretaeUser" time="3.038"/>
  <testcase classname="api.tests.DataDrivenTest" name="testcretaeUser" time="3.053"/>
  <testcase classname="api.tests.DataDrivenTest" name="testcretaeUser" time="3.049"/>
  <testcase classname="api.tests.DataDrivenTest" name="testcretaeUser" time="3.06"/>
  <testcase classname="api.tests.DataDrivenTest" name="testcretaeUser" time="3.046"/>
  <testcase classname="api.tests.DataDrivenTest" name="testcretaeUser" time="3.042"/>
  <testcase classname="api.tests.DataDrivenTest" name="testGetUser" time="3.031"/>
  <testcase classname="api.tests.DataDrivenTest" name="testGetUser" time="3.035"/>
  <testcase classname="api.tests.DataDrivenTest" name="testGetUser" time="3.034"/>
  <testcase classname="api.tests.DataDrivenTest" name="testGetUser" time="3.027"/>
  <testcase classname="api.tests.DataDrivenTest" name="testGetUser" time="3.043"/>
  <testcase classname="api.tests.DataDrivenTest" name="testGetUser" time="3.067"/>
  <testcase classname="api.tests.DataDrivenTest" name="testdeleteUser" time="3.026"/>
  <testcase classname="api.tests.DataDrivenTest" name="testdeleteUser" time="3.026"/>
  <testcase classname="api.tests.DataDrivenTest" name="testdeleteUser" time="3.042"/>
  <testcase classname="api.tests.DataDrivenTest" name="testdeleteUser" time="3.032"/>
  <testcase classname="api.tests.DataDrivenTest" name="testdeleteUser" time="3.048"/>
  <testcase classname="api.tests.DataDrivenTest" name="testdeleteUser" time="3.062"/>
</testsuite> <!-- Test -->
