<?xml version="1.0" encoding="UTF-8"?>
<testng-results ignored="0" total="22" passed="22" failed="0" skipped="0">
  <reporter-output>
  </reporter-output>
  <suite started-at="2025-08-12T12:14:47 IST" name="Suite" finished-at="2025-08-12T12:15:48 IST" duration-ms="61322">
    <groups>
    </groups>
    <test started-at="2025-08-12T12:14:47 IST" name="Test" finished-at="2025-08-12T12:15:48 IST" duration-ms="61322">
      <class name="api.tests.userTests">
        <test-method is-config="true" signature="generate_value()[pri:0, instance:api.tests.userTests@1cf6d1be]" started-at="2025-08-12T12:14:47 IST" name="generate_value" finished-at="2025-08-12T12:14:48 IST" duration-ms="370" status="PASS">
          <reporter-output>
          </reporter-output>
        </test-method> <!-- generate_value -->
        <test-method signature="crete_user()[pri:1, instance:api.tests.userTests@1cf6d1be]" started-at="2025-08-12T12:14:48 IST" name="crete_user" finished-at="2025-08-12T12:14:50 IST" duration-ms="2623" status="PASS">
          <reporter-output>
          </reporter-output>
        </test-method> <!-- crete_user -->
        <test-method signature="read_user()[pri:2, instance:api.tests.userTests@1cf6d1be]" started-at="2025-08-12T12:14:50 IST" name="read_user" finished-at="2025-08-12T12:14:51 IST" duration-ms="66" status="PASS">
          <reporter-output>
          </reporter-output>
        </test-method> <!-- read_user -->
        <test-method signature="update_user()[pri:3, instance:api.tests.userTests@1cf6d1be]" started-at="2025-08-12T12:14:51 IST" name="update_user" finished-at="2025-08-12T12:14:51 IST" duration-ms="56" status="PASS">
          <reporter-output>
          </reporter-output>
        </test-method> <!-- update_user -->
        <test-method signature="delete_user()[pri:4, instance:api.tests.userTests@1cf6d1be]" started-at="2025-08-12T12:14:51 IST" name="delete_user" finished-at="2025-08-12T12:14:51 IST" duration-ms="33" status="PASS">
          <reporter-output>
          </reporter-output>
        </test-method> <!-- delete_user -->
      </class> <!-- api.tests.userTests -->
      <class name="api.tests.DataDrivenTest">
        <test-method signature="testcretaeUser(java.lang.String,java.lang.String,java.lang.String,java.lang.String,java.util.List)[pri:1, instance:api.tests.DataDrivenTest@6bbe85a8]" started-at="2025-08-12T12:14:53 IST" name="testcretaeUser" data-provider="Data" finished-at="2025-08-12T12:14:56 IST" duration-ms="3038" status="PASS">
          <params>
            <param index="0">
              <value>
                <![CDATA[1]]>
              </value>
            </param>
            <param index="1">
              <value>
                <![CDATA[Anusha]]>
              </value>
            </param>
            <param index="2">
              <value>
                <![CDATA[India]]>
              </value>
            </param>
            <param index="3">
              <value>
                <![CDATA[9876543210]]>
              </value>
            </param>
            <param index="4">
              <value>
                <![CDATA[[C++, Python]]]>
              </value>
            </param>
          </params>
          <reporter-output>
          </reporter-output>
        </test-method> <!-- testcretaeUser -->
        <test-method signature="testcretaeUser(java.lang.String,java.lang.String,java.lang.String,java.lang.String,java.util.List)[pri:1, instance:api.tests.DataDrivenTest@6bbe85a8]" started-at="2025-08-12T12:14:56 IST" name="testcretaeUser" data-provider="Data" finished-at="2025-08-12T12:14:59 IST" duration-ms="3053" status="PASS">
          <params>
            <param index="0">
              <value>
                <![CDATA[2]]>
              </value>
            </param>
            <param index="1">
              <value>
                <![CDATA[Usha]]>
              </value>
            </param>
            <param index="2">
              <value>
                <![CDATA[Indore]]>
              </value>
            </param>
            <param index="3">
              <value>
                <![CDATA[1234567890]]>
              </value>
            </param>
            <param index="4">
              <value>
                <![CDATA[[C , Java]]]>
              </value>
            </param>
          </params>
          <reporter-output>
          </reporter-output>
        </test-method> <!-- testcretaeUser -->
        <test-method signature="testcretaeUser(java.lang.String,java.lang.String,java.lang.String,java.lang.String,java.util.List)[pri:1, instance:api.tests.DataDrivenTest@6bbe85a8]" started-at="2025-08-12T12:14:59 IST" name="testcretaeUser" data-provider="Data" finished-at="2025-08-12T12:15:02 IST" duration-ms="3049" status="PASS">
          <params>
            <param index="0">
              <value>
                <![CDATA[3]]>
              </value>
            </param>
            <param index="1">
              <value>
                <![CDATA[Uma]]>
              </value>
            </param>
            <param index="2">
              <value>
                <![CDATA[USA]]>
              </value>
            </param>
            <param index="3">
              <value>
                <![CDATA[1357908642]]>
              </value>
            </param>
            <param index="4">
              <value>
                <![CDATA[[Python, JavaScript]]]>
              </value>
            </param>
          </params>
          <reporter-output>
          </reporter-output>
        </test-method> <!-- testcretaeUser -->
        <test-method signature="testcretaeUser(java.lang.String,java.lang.String,java.lang.String,java.lang.String,java.util.List)[pri:1, instance:api.tests.DataDrivenTest@6bbe85a8]" started-at="2025-08-12T12:15:02 IST" name="testcretaeUser" data-provider="Data" finished-at="2025-08-12T12:15:05 IST" duration-ms="3060" status="PASS">
          <params>
            <param index="0">
              <value>
                <![CDATA[4]]>
              </value>
            </param>
            <param index="1">
              <value>
                <![CDATA[Rani]]>
              </value>
            </param>
            <param index="2">
              <value>
                <![CDATA[UAE]]>
              </value>
            </param>
            <param index="3">
              <value>
                <![CDATA[1029384756]]>
              </value>
            </param>
            <param index="4">
              <value>
                <![CDATA[[JAVA, C#]]]>
              </value>
            </param>
          </params>
          <reporter-output>
          </reporter-output>
        </test-method> <!-- testcretaeUser -->
        <test-method signature="testcretaeUser(java.lang.String,java.lang.String,java.lang.String,java.lang.String,java.util.List)[pri:1, instance:api.tests.DataDrivenTest@6bbe85a8]" started-at="2025-08-12T12:15:05 IST" name="testcretaeUser" data-provider="Data" finished-at="2025-08-12T12:15:08 IST" duration-ms="3046" status="PASS">
          <params>
            <param index="0">
              <value>
                <![CDATA[5]]>
              </value>
            </param>
            <param index="1">
              <value>
                <![CDATA[Raju]]>
              </value>
            </param>
            <param index="2">
              <value>
                <![CDATA[UK]]>
              </value>
            </param>
            <param index="3">
              <value>
                <![CDATA[9876054321]]>
              </value>
            </param>
            <param index="4">
              <value>
                <![CDATA[[JavaScript, C++]]]>
              </value>
            </param>
          </params>
          <reporter-output>
          </reporter-output>
        </test-method> <!-- testcretaeUser -->
        <test-method signature="testcretaeUser(java.lang.String,java.lang.String,java.lang.String,java.lang.String,java.util.List)[pri:1, instance:api.tests.DataDrivenTest@6bbe85a8]" started-at="2025-08-12T12:15:08 IST" name="testcretaeUser" data-provider="Data" finished-at="2025-08-12T12:15:11 IST" duration-ms="3042" status="PASS">
          <params>
            <param index="0">
              <value>
                <![CDATA[6]]>
              </value>
            </param>
            <param index="1">
              <value>
                <![CDATA[Rakesh]]>
              </value>
            </param>
            <param index="2">
              <value>
                <![CDATA[Europe]]>
              </value>
            </param>
            <param index="3">
              <value>
                <![CDATA[9182736450]]>
              </value>
            </param>
            <param index="4">
              <value>
                <![CDATA[[Ruby, C]]]>
              </value>
            </param>
          </params>
          <reporter-output>
          </reporter-output>
        </test-method> <!-- testcretaeUser -->
        <test-method signature="testGetUser(java.lang.String)[pri:2, instance:api.tests.DataDrivenTest@6bbe85a8]" started-at="2025-08-12T12:15:12 IST" name="testGetUser" data-provider="Id" finished-at="2025-08-12T12:15:15 IST" duration-ms="3031" status="PASS">
          <params>
            <param index="0">
              <value>
                <![CDATA[1]]>
              </value>
            </param>
          </params>
          <reporter-output>
          </reporter-output>
        </test-method> <!-- testGetUser -->
        <test-method signature="testGetUser(java.lang.String)[pri:2, instance:api.tests.DataDrivenTest@6bbe85a8]" started-at="2025-08-12T12:15:15 IST" name="testGetUser" data-provider="Id" finished-at="2025-08-12T12:15:18 IST" duration-ms="3035" status="PASS">
          <params>
            <param index="0">
              <value>
                <![CDATA[2]]>
              </value>
            </param>
          </params>
          <reporter-output>
          </reporter-output>
        </test-method> <!-- testGetUser -->
        <test-method signature="testGetUser(java.lang.String)[pri:2, instance:api.tests.DataDrivenTest@6bbe85a8]" started-at="2025-08-12T12:15:18 IST" name="testGetUser" data-provider="Id" finished-at="2025-08-12T12:15:21 IST" duration-ms="3034" status="PASS">
          <params>
            <param index="0">
              <value>
                <![CDATA[3]]>
              </value>
            </param>
          </params>
          <reporter-output>
          </reporter-output>
        </test-method> <!-- testGetUser -->
        <test-method signature="testGetUser(java.lang.String)[pri:2, instance:api.tests.DataDrivenTest@6bbe85a8]" started-at="2025-08-12T12:15:21 IST" name="testGetUser" data-provider="Id" finished-at="2025-08-12T12:15:24 IST" duration-ms="3027" status="PASS">
          <params>
            <param index="0">
              <value>
                <![CDATA[4]]>
              </value>
            </param>
          </params>
          <reporter-output>
          </reporter-output>
        </test-method> <!-- testGetUser -->
        <test-method signature="testGetUser(java.lang.String)[pri:2, instance:api.tests.DataDrivenTest@6bbe85a8]" started-at="2025-08-12T12:15:24 IST" name="testGetUser" data-provider="Id" finished-at="2025-08-12T12:15:27 IST" duration-ms="3043" status="PASS">
          <params>
            <param index="0">
              <value>
                <![CDATA[5]]>
              </value>
            </param>
          </params>
          <reporter-output>
          </reporter-output>
        </test-method> <!-- testGetUser -->
        <test-method signature="testGetUser(java.lang.String)[pri:2, instance:api.tests.DataDrivenTest@6bbe85a8]" started-at="2025-08-12T12:15:27 IST" name="testGetUser" data-provider="Id" finished-at="2025-08-12T12:15:30 IST" duration-ms="3067" status="PASS">
          <params>
            <param index="0">
              <value>
                <![CDATA[6]]>
              </value>
            </param>
          </params>
          <reporter-output>
          </reporter-output>
        </test-method> <!-- testGetUser -->
        <test-method signature="testdeleteUser(java.lang.String)[pri:2, instance:api.tests.DataDrivenTest@6bbe85a8]" started-at="2025-08-12T12:15:30 IST" name="testdeleteUser" data-provider="Id" finished-at="2025-08-12T12:15:33 IST" duration-ms="3026" status="PASS">
          <params>
            <param index="0">
              <value>
                <![CDATA[1]]>
              </value>
            </param>
          </params>
          <reporter-output>
          </reporter-output>
        </test-method> <!-- testdeleteUser -->
        <test-method signature="testdeleteUser(java.lang.String)[pri:2, instance:api.tests.DataDrivenTest@6bbe85a8]" started-at="2025-08-12T12:15:33 IST" name="testdeleteUser" data-provider="Id" finished-at="2025-08-12T12:15:36 IST" duration-ms="3026" status="PASS">
          <params>
            <param index="0">
              <value>
                <![CDATA[2]]>
              </value>
            </param>
          </params>
          <reporter-output>
          </reporter-output>
        </test-method> <!-- testdeleteUser -->
        <test-method signature="testdeleteUser(java.lang.String)[pri:2, instance:api.tests.DataDrivenTest@6bbe85a8]" started-at="2025-08-12T12:15:36 IST" name="testdeleteUser" data-provider="Id" finished-at="2025-08-12T12:15:39 IST" duration-ms="3042" status="PASS">
          <params>
            <param index="0">
              <value>
                <![CDATA[3]]>
              </value>
            </param>
          </params>
          <reporter-output>
          </reporter-output>
        </test-method> <!-- testdeleteUser -->
        <test-method signature="testdeleteUser(java.lang.String)[pri:2, instance:api.tests.DataDrivenTest@6bbe85a8]" started-at="2025-08-12T12:15:39 IST" name="testdeleteUser" data-provider="Id" finished-at="2025-08-12T12:15:42 IST" duration-ms="3032" status="PASS">
          <params>
            <param index="0">
              <value>
                <![CDATA[4]]>
              </value>
            </param>
          </params>
          <reporter-output>
          </reporter-output>
        </test-method> <!-- testdeleteUser -->
        <test-method signature="testdeleteUser(java.lang.String)[pri:2, instance:api.tests.DataDrivenTest@6bbe85a8]" started-at="2025-08-12T12:15:42 IST" name="testdeleteUser" data-provider="Id" finished-at="2025-08-12T12:15:45 IST" duration-ms="3048" status="PASS">
          <params>
            <param index="0">
              <value>
                <![CDATA[5]]>
              </value>
            </param>
          </params>
          <reporter-output>
          </reporter-output>
        </test-method> <!-- testdeleteUser -->
        <test-method signature="testdeleteUser(java.lang.String)[pri:2, instance:api.tests.DataDrivenTest@6bbe85a8]" started-at="2025-08-12T12:15:45 IST" name="testdeleteUser" data-provider="Id" finished-at="2025-08-12T12:15:48 IST" duration-ms="3062" status="PASS">
          <params>
            <param index="0">
              <value>
                <![CDATA[6]]>
              </value>
            </param>
          </params>
          <reporter-output>
          </reporter-output>
        </test-method> <!-- testdeleteUser -->
      </class> <!-- api.tests.DataDrivenTest -->
    </test> <!-- Test -->
  </suite> <!-- Suite -->
</testng-results>
