<?xml version="1.0" encoding="UTF-8"?>
<testsuite xmlns:xsi="http://www.w3.org/2001/XMLSchema-instance" xsi:noNamespaceSchemaLocation="https://maven.apache.org/surefire/maven-surefire-plugin/xsd/surefire-test-report.xsd" version="3.0.2" name="TestSuite" time="63.081" tests="22" errors="0" skipped="0" failures="0">
  <properties>
[...]
</properties>
  <testcase name="crete_user" classname="api.tests.userTests" time="2.645">
    <system-out><![CDATA[{
    "id": "95a4",
    "name": "Margherita Hamill",
    "location": "East Kurtville",
    "phone": "793.053.6929 x74214",
    "course": [
        "java",
        "cypress"
    ]
}
]]></system-out>
    <system-err><![CDATA[SLF4J(W): No SLF4J providers were found.
SLF4J(W): Defaulting to no-operation (NOP) logger implementation
SLF4J(W): See https://www.slf4j.org/codes.html#noProviders for further details.
]]></system-err>
  </testcase>
  <testcase name="read_user" classname="api.tests.userTests" time="0.082">
    <system-out><![CDATA[{
    "id": "95a4",
    "name": "Margherita Hamill",
    "location": "East Kurtville",
    "phone": "793.053.6929 x74214",
    "course": [
        "java",
        "cypress"
    ]
}
X-Powered-By  :  tinyhttp
Access-Control-Allow-Origin  :  *
Access-Control-Allow-Methods  :  GET, HEAD, PUT, PATCH, POST, DELETE
Access-Control-Allow-Headers  :  content-type
Content-Type  :  application/json
Date  :  Tue, 12 Aug 2025 06:44:51 GMT
Connection  :  keep-alive
Keep-Alive  :  timeout=5
Content-Length  :  160
]]></system-out>
  </testcase>
  <testcase name="update_user" classname="api.tests.userTests" time="0.043">
    <system-out><![CDATA[{
    "id": "95a4",
    "name": "Dorsey Nitzsche",
    "location": "Krystinafort",
    "phone": "308.794.2187 x230",
    "course": [
        "java",
        "cypress"
    ]
}
]]></system-out>
  </testcase>
  <testcase name="delete_user" classname="api.tests.userTests" time="0.032">
    <system-out><![CDATA[HTTP/1.1 200 OK
X-Powered-By: tinyhttp
Access-Control-Allow-Origin: *
Access-Control-Allow-Methods: GET, HEAD, PUT, PATCH, POST, DELETE
Access-Control-Allow-Headers: content-type
Content-Type: application/json
Date: Tue, 12 Aug 2025 06:44:51 GMT
Connection: keep-alive
Keep-Alive: timeout=5
Content-Length: 154

{
    "id": "95a4",
    "name": "Dorsey Nitzsche",
    "location": "Krystinafort",
    "phone": "308.794.2187 x230",
    "course": [
        "java",
        "cypress"
    ]
}
]]></system-out>
  </testcase>
  <testcase name="testcretaeUser[1, Anusha, India, 9876543210, [C++, Python]](1)" classname="api.tests.DataDrivenTest" time="3.038">
    <system-out><![CDATA[HTTP/1.1 201 Created
X-Powered-By: tinyhttp
Access-Control-Allow-Origin: *
Access-Control-Allow-Methods: GET, HEAD, PUT, PATCH, POST, DELETE
Access-Control-Allow-Headers: content-type
Content-Type: application/json
Date: Tue, 12 Aug 2025 06:44:53 GMT
Connection: keep-alive
Keep-Alive: timeout=5
Content-Length: 126

{
    "id": "1",
    "name": "Anusha",
    "location": "India",
    "phone": "9876543210",
    "course": [
        "C++",
        "Python"
    ]
}
]]></system-out>
  </testcase>
  <testcase name="testcretaeUser[2, Usha, Indore, 1234567890, [C , Java]](2)" classname="api.tests.DataDrivenTest" time="3.054">
    <system-out><![CDATA[HTTP/1.1 201 Created
X-Powered-By: tinyhttp
Access-Control-Allow-Origin: *
Access-Control-Allow-Methods: GET, HEAD, PUT, PATCH, POST, DELETE
Access-Control-Allow-Headers: content-type
Content-Type: application/json
Date: Tue, 12 Aug 2025 06:44:56 GMT
Connection: keep-alive
Keep-Alive: timeout=5
Content-Length: 122

{
    "id": "2",
    "name": "Usha",
    "location": "Indore",
    "phone": "1234567890",
    "course": [
        "C ",
        "Java"
    ]
}
]]></system-out>
  </testcase>
  <testcase name="testcretaeUser[3, Uma, USA, 1357908642, [Python, JavaScript]](3)" classname="api.tests.DataDrivenTest" time="3.05">
    <system-out><![CDATA[HTTP/1.1 201 Created
X-Powered-By: tinyhttp
Access-Control-Allow-Origin: *
Access-Control-Allow-Methods: GET, HEAD, PUT, PATCH, POST, DELETE
Access-Control-Allow-Headers: content-type
Content-Type: application/json
Date: Tue, 12 Aug 2025 06:44:59 GMT
Connection: keep-alive
Keep-Alive: timeout=5
Content-Length: 128

{
    "id": "3",
    "name": "Uma",
    "location": "USA",
    "phone": "1357908642",
    "course": [
        "Python",
        "JavaScript"
    ]
}
]]></system-out>
  </testcase>
  <testcase name="testcretaeUser[4, Rani, UAE, 1029384756, [JAVA, C#]](4)" classname="api.tests.DataDrivenTest" time="3.06">
    <system-out><![CDATA[HTTP/1.1 201 Created
X-Powered-By: tinyhttp
Access-Control-Allow-Origin: *
Access-Control-Allow-Methods: GET, HEAD, PUT, PATCH, POST, DELETE
Access-Control-Allow-Headers: content-type
Content-Type: application/json
Date: Tue, 12 Aug 2025 06:45:02 GMT
Connection: keep-alive
Keep-Alive: timeout=5
Content-Length: 119

{
    "id": "4",
    "name": "Rani",
    "location": "UAE",
    "phone": "1029384756",
    "course": [
        "JAVA",
        "C#"
    ]
}
]]></system-out>
  </testcase>
  <testcase name="testcretaeUser[5, Raju, UK, 9876054321, [JavaScript, C++]](5)" classname="api.tests.DataDrivenTest" time="3.045">
    <system-out><![CDATA[HTTP/1.1 201 Created
X-Powered-By: tinyhttp
Access-Control-Allow-Origin: *
Access-Control-Allow-Methods: GET, HEAD, PUT, PATCH, POST, DELETE
Access-Control-Allow-Headers: content-type
Content-Type: application/json
Date: Tue, 12 Aug 2025 06:45:05 GMT
Connection: keep-alive
Keep-Alive: timeout=5
Content-Length: 125

{
    "id": "5",
    "name": "Raju",
    "location": "UK",
    "phone": "9876054321",
    "course": [
        "JavaScript",
        "C++"
    ]
}
]]></system-out>
  </testcase>
  <testcase name="testcretaeUser[6, Rakesh, Europe, 9182736450, [Ruby, C]](6)" classname="api.tests.DataDrivenTest" time="3.047">
    <system-out><![CDATA[HTTP/1.1 201 Created
X-Powered-By: tinyhttp
Access-Control-Allow-Origin: *
Access-Control-Allow-Methods: GET, HEAD, PUT, PATCH, POST, DELETE
Access-Control-Allow-Headers: content-type
Content-Type: application/json
Date: Tue, 12 Aug 2025 06:45:08 GMT
Connection: keep-alive
Keep-Alive: timeout=5
Content-Length: 123

{
    "id": "6",
    "name": "Rakesh",
    "location": "Europe",
    "phone": "9182736450",
    "course": [
        "Ruby",
        "C"
    ]
}
]]></system-out>
  </testcase>
  <testcase name="testGetUser[1](1)" classname="api.tests.DataDrivenTest" time="3.043">
    <system-out><![CDATA[HTTP/1.1 200 OK
X-Powered-By: tinyhttp
Access-Control-Allow-Origin: *
Access-Control-Allow-Methods: GET, HEAD, PUT, PATCH, POST, DELETE
Access-Control-Allow-Headers: content-type
Content-Type: application/json
Date: Tue, 12 Aug 2025 06:45:12 GMT
Connection: keep-alive
Keep-Alive: timeout=5
Content-Length: 126

{
    "id": "1",
    "name": "Anusha",
    "location": "India",
    "phone": "9876543210",
    "course": [
        "C++",
        "Python"
    ]
}
]]></system-out>
  </testcase>
  <testcase name="testGetUser[2](2)" classname="api.tests.DataDrivenTest" time="3.029">
    <system-out><![CDATA[HTTP/1.1 200 OK
X-Powered-By: tinyhttp
Access-Control-Allow-Origin: *
Access-Control-Allow-Methods: GET, HEAD, PUT, PATCH, POST, DELETE
Access-Control-Allow-Headers: content-type
Content-Type: application/json
Date: Tue, 12 Aug 2025 06:45:15 GMT
Connection: keep-alive
Keep-Alive: timeout=5
Content-Length: 122

{
    "id": "2",
    "name": "Usha",
    "location": "Indore",
    "phone": "1234567890",
    "course": [
        "C ",
        "Java"
    ]
}
]]></system-out>
  </testcase>
  <testcase name="testGetUser[3](3)" classname="api.tests.DataDrivenTest" time="3.034">
    <system-out><![CDATA[HTTP/1.1 200 OK
X-Powered-By: tinyhttp
Access-Control-Allow-Origin: *
Access-Control-Allow-Methods: GET, HEAD, PUT, PATCH, POST, DELETE
Access-Control-Allow-Headers: content-type
Content-Type: application/json
Date: Tue, 12 Aug 2025 06:45:18 GMT
Connection: keep-alive
Keep-Alive: timeout=5
Content-Length: 128

{
    "id": "3",
    "name": "Uma",
    "location": "USA",
    "phone": "1357908642",
    "course": [
        "Python",
        "JavaScript"
    ]
}
]]></system-out>
  </testcase>
  <testcase name="testGetUser[4](4)" classname="api.tests.DataDrivenTest" time="3.028">
    <system-out><![CDATA[HTTP/1.1 200 OK
X-Powered-By: tinyhttp
Access-Control-Allow-Origin: *
Access-Control-Allow-Methods: GET, HEAD, PUT, PATCH, POST, DELETE
Access-Control-Allow-Headers: content-type
Content-Type: application/json
Date: Tue, 12 Aug 2025 06:45:21 GMT
Connection: keep-alive
Keep-Alive: timeout=5
Content-Length: 119

{
    "id": "4",
    "name": "Rani",
    "location": "UAE",
    "phone": "1029384756",
    "course": [
        "JAVA",
        "C#"
    ]
}
]]></system-out>
  </testcase>
  <testcase name="testGetUser[5](5)" classname="api.tests.DataDrivenTest" time="3.042">
    <system-out><![CDATA[HTTP/1.1 200 OK
X-Powered-By: tinyhttp
Access-Control-Allow-Origin: *
Access-Control-Allow-Methods: GET, HEAD, PUT, PATCH, POST, DELETE
Access-Control-Allow-Headers: content-type
Content-Type: application/json
Date: Tue, 12 Aug 2025 06:45:24 GMT
Connection: keep-alive
Keep-Alive: timeout=5
Content-Length: 125

{
    "id": "5",
    "name": "Raju",
    "location": "UK",
    "phone": "9876054321",
    "course": [
        "JavaScript",
        "C++"
    ]
}
]]></system-out>
  </testcase>
  <testcase name="testGetUser[6](6)" classname="api.tests.DataDrivenTest" time="3.067">
    <system-out><![CDATA[HTTP/1.1 200 OK
X-Powered-By: tinyhttp
Access-Control-Allow-Origin: *
Access-Control-Allow-Methods: GET, HEAD, PUT, PATCH, POST, DELETE
Access-Control-Allow-Headers: content-type
Content-Type: application/json
Date: Tue, 12 Aug 2025 06:45:27 GMT
Connection: keep-alive
Keep-Alive: timeout=5
Content-Length: 123

{
    "id": "6",
    "name": "Rakesh",
    "location": "Europe",
    "phone": "9182736450",
    "course": [
        "Ruby",
        "C"
    ]
}
]]></system-out>
  </testcase>
  <testcase name="testdeleteUser[1](1)" classname="api.tests.DataDrivenTest" time="3.026"/>
  <testcase name="testdeleteUser[2](2)" classname="api.tests.DataDrivenTest" time="3.026"/>
  <testcase name="testdeleteUser[3](3)" classname="api.tests.DataDrivenTest" time="3.042"/>
  <testcase name="testdeleteUser[4](4)" classname="api.tests.DataDrivenTest" time="3.033"/>
  <testcase name="testdeleteUser[5](5)" classname="api.tests.DataDrivenTest" time="3.049"/>
  <testcase name="testdeleteUser[6](6)" classname="api.tests.DataDrivenTest" time="3.062"/>
</testsuite>